<?xml version="1.0" encoding="UTF-8"?>
<!-- Generated by org.testng.reporters.JUnitXMLReporter -->
<testsuite hostname="BDC7-L-781BBX1" name="Test" tests="2" failures="1" timestamp="17 Dec 2015 14:47:53 GMT" time="19.564" errors="0">
  <testcase name="verifyClick" time="9.468" classname="home.ClickTest">
    <failure type="java.lang.AssertionError">
      <![CDATA[java.lang.AssertionError: 
	at home.ClickTest.verifyClick(ClickTest.java:21)
... Removed 30 stack frames]]>
    </failure>
  </testcase> <!-- verifyClick -->
  <testcase name="verifyTest" time="4.208" classname="home.ClickTest"/>
</testsuite> <!-- Test -->
